<?xml version="1.0" encoding="UTF-8"?>
<!-- Generated by org.testng.reporters.JUnitXMLReporter -->
<testsuite hostname="MONO-HYD-LAP-30" ignored="5" name="RLtoWOP" tests="12" failures="0" timestamp="04 Sep 2018 14:12:48 GMT" time="7.191" errors="0">
  <testcase name="executeRLAPIforgettingAccessToken" time="1.185" classname="com.apihttps.test.RLtoWOP"/>
  <testcase name="executeRLGetApiwithAccessToken" time="0.595" classname="com.apihttps.test.RLtoWOP"/>
  <testcase name="executeWOPApiforAccessToken" time="1.285" classname="com.apihttps.test.RLtoWOP"/>
  <testcase name="executeWOPApiforToken" time="1.553" classname="com.apihttps.test.RLtoWOP"/>
  <testcase name="executeWopApiwithAccessTokenandToken" time="1.477" classname="com.apihttps.test.RLtoWOP"/>
  <testcase name="compareTitle" time="0.198" classname="com.apihttps.test.RLtoWOP"/>
  <testcase name="compareSupplier" time="0.162" classname="com.apihttps.test.RLtoWOP"/>
  <testcase name="compareAmcnid" time="0.16" classname="com.apihttps.test.RLtoWOP"/>
  <testcase name="compareAltTitle" time="0.146" classname="com.apihttps.test.RLtoWOP"/>
  <testcase name="compareReleaseyear" time="0.124" classname="com.apihttps.test.RLtoWOP"/>
  <testcase name="compareAltTitleType" time="0.144" classname="com.apihttps.test.RLtoWOP"/>
  <testcase name="compareFirstName" time="0.108" classname="com.apihttps.test.RLtoWOP"/>
  <testcase name="ConnectDB" time="0.0" classname="com.apihttps.test.RLtoWOP">
    <ignored/>
  </testcase> <!-- ConnectDB -->
  <testcase name="aspectRatio" time="0.0" classname="com.apihttps.test.RLtoWOP">
    <ignored/>
  </testcase> <!-- aspectRatio -->
  <testcase name="executeFinalWopApiwithAccessTokenandToken" time="0.0" classname="com.apihttps.test.RLtoWOP">
    <ignored/>
  </testcase> <!-- executeFinalWopApiwithAccessTokenandToken -->
  <testcase name="duration" time="0.0" classname="com.apihttps.test.RLtoWOP">
    <ignored/>
  </testcase> <!-- duration -->
  <testcase name="compareShowType" time="0.0" classname="com.apihttps.test.RLtoWOP">
    <ignored/>
  </testcase> <!-- compareShowType -->
</testsuite> <!-- RLtoWOP -->
