<?xml version="1.0" encoding="UTF-8"?>
<!-- Generated by org.testng.reporters.JUnitXMLReporter -->
<testsuite hostname="MONO-HYD-LAP-30" ignored="5" name="Default test" tests="12" failures="0" timestamp="04 Sep 2018 13:41:07 GMT" time="9.705" errors="0">
  <testcase name="executeRLAPIforgettingAccessToken" time="3.59" classname="com.apihttps.test.RLtoWOP"/>
  <testcase name="executeRLGetApiwithAccessToken" time="0.594" classname="com.apihttps.test.RLtoWOP"/>
  <testcase name="executeWOPApiforAccessToken" time="1.437" classname="com.apihttps.test.RLtoWOP"/>
  <testcase name="executeWOPApiforToken" time="1.585" classname="com.apihttps.test.RLtoWOP"/>
  <testcase name="executeWopApiwithAccessTokenandToken" time="1.508" classname="com.apihttps.test.RLtoWOP"/>
  <testcase name="compareTitle" time="0.152" classname="com.apihttps.test.RLtoWOP"/>
  <testcase name="compareSupplier" time="0.13" classname="com.apihttps.test.RLtoWOP"/>
  <testcase name="compareAmcnid" time="0.129" classname="com.apihttps.test.RLtoWOP"/>
  <testcase name="compareAltTitle" time="0.125" classname="com.apihttps.test.RLtoWOP"/>
  <testcase name="compareReleaseyear" time="0.103" classname="com.apihttps.test.RLtoWOP"/>
  <testcase name="compareAltTitleType" time="0.101" classname="com.apihttps.test.RLtoWOP"/>
  <testcase name="compareFirstName" time="0.09" classname="com.apihttps.test.RLtoWOP"/>
  <testcase name="ConnectDB" time="0.0" classname="com.apihttps.test.RLtoWOP">
    <ignored/>
  </testcase> <!-- ConnectDB -->
  <testcase name="aspectRatio" time="0.0" classname="com.apihttps.test.RLtoWOP">
    <ignored/>
  </testcase> <!-- aspectRatio -->
  <testcase name="executeFinalWopApiwithAccessTokenandToken" time="0.0" classname="com.apihttps.test.RLtoWOP">
    <ignored/>
  </testcase> <!-- executeFinalWopApiwithAccessTokenandToken -->
  <testcase name="duration" time="0.0" classname="com.apihttps.test.RLtoWOP">
    <ignored/>
  </testcase> <!-- duration -->
  <testcase name="compareShowType" time="0.0" classname="com.apihttps.test.RLtoWOP">
    <ignored/>
  </testcase> <!-- compareShowType -->
</testsuite> <!-- Default test -->
